<?xml version="1.0" encoding="utf-8" standalone="yes"?>
<CoverageSession xmlns:xsd="http://www.w3.org/2001/XMLSchema" xmlns:xsi="http://www.w3.org/2001/XMLSchema-instance">
  <Summary numSequencePoints="66" visitedSequencePoints="62" numBranchPoints="23" visitedBranchPoints="9" sequenceCoverage="93.94" branchCoverage="39.13" maxCyclomaticComplexity="2" minCyclomaticComplexity="1" visitedClasses="3" numClasses="5" visitedMethods="15" numMethods="17" minCrapScore="1" maxCrapScore="2" />
  <Modules>
    <Module hash="99-D2-C3-21-8F-27-D6-48-6F-16-A0-68-94-61-FE-0C-3D-21-E3-A7">
      <Summary numSequencePoints="19" visitedSequencePoints="17" numBranchPoints="7" visitedBranchPoints="6" sequenceCoverage="89.47" branchCoverage="85.71" maxCyclomaticComplexity="2" minCyclomaticComplexity="1" visitedClasses="2" numClasses="3" visitedMethods="2" numMethods="3" minCrapScore="2" maxCrapScore="2" />
      <ModulePath>C:\Users\Mathias Lorenzen\source\repos\cli\tests\dotnet\sample\Sample.Tests\bin\Debug\netcoreapp3.1\__Saved\Sample.dll</ModulePath>
      <ModuleTime>2020-11-02T09:41:12.2720962Z</ModuleTime>
      <ModuleName>Sample</ModuleName>
      <Files>
        <File uid="1" fullPath="C:\Users\Mathias Lorenzen\source\repos\cli\tests\dotnet\src\Sample\Program.cs" />
        <File uid="2" fullPath="C:\Users\Mathias Lorenzen\source\repos\cli\tests\dotnet\src\Sample\SomeClass.cs" />
        <File uid="3" fullPath="C:\Users\Mathias Lorenzen\source\repos\cli\tests\dotnet\src\Sample\SomeOtherClass.cs" />
      </Files>
      <Classes>
        <Class>
          <Summary numSequencePoints="2" visitedSequencePoints="0" numBranchPoints="1" visitedBranchPoints="0" sequenceCoverage="0" branchCoverage="0" maxCyclomaticComplexity="1" minCyclomaticComplexity="1" visitedClasses="0" numClasses="1" visitedMethods="0" numMethods="1" minCrapScore="2" maxCrapScore="2" />
          <FullName>Sample.Program</FullName>
          <Methods>
            <Method visited="false" cyclomaticComplexity="1" nPathComplexity="0" sequenceCoverage="0" branchCoverage="0" isConstructor="false" isStatic="true" isGetter="false" isSetter="false" crapScore="2">
              <Summary numSequencePoints="2" visitedSequencePoints="0" numBranchPoints="1" visitedBranchPoints="0" sequenceCoverage="0" branchCoverage="0" maxCyclomaticComplexity="1" minCyclomaticComplexity="1" visitedClasses="0" numClasses="0" visitedMethods="0" numMethods="1" minCrapScore="2" maxCrapScore="2" />
              <MetadataToken>100663297</MetadataToken>
              <Name>System.Void Sample.Program::Main(System.String[])</Name>
              <FileRef uid="1" />
              <SequencePoints>
                <SequencePoint vc="0" uspid="1" ordinal="0" offset="0" sl="8" sc="9" el="8" ec="10" bec="0" bev="0" fileid="1" />
                <SequencePoint vc="0" uspid="0" ordinal="1" offset="1" sl="10" sc="9" el="10" ec="10" bec="0" bev="0" fileid="1" />
              </SequencePoints>
              <BranchPoints />
              <MethodPoint xsi:type="SequencePoint" vc="0" uspid="1" ordinal="0" offset="0" sl="8" sc="9" el="8" ec="10" bec="0" bev="0" fileid="1" />
            </Method>
            <Method visited="false" cyclomaticComplexity="1" nPathComplexity="0" sequenceCoverage="0" branchCoverage="0" isConstructor="true" isStatic="false" isGetter="false" isSetter="false" crapScore="2">
              <Summary numSequencePoints="0" visitedSequencePoints="0" numBranchPoints="0" visitedBranchPoints="0" sequenceCoverage="0" branchCoverage="0" maxCyclomaticComplexity="1" minCyclomaticComplexity="1" visitedClasses="0" numClasses="0" visitedMethods="0" numMethods="0" minCrapScore="2" maxCrapScore="2" />
              <MetadataToken>100663298</MetadataToken>
              <Name>System.Void Sample.Program::.ctor()</Name>
              <SequencePoints />
              <BranchPoints />
              <MethodPoint vc="0" uspid="100663298" ordinal="0" offset="0" />
            </Method>
          </Methods>
        </Class>
        <Class>
          <Summary numSequencePoints="9" visitedSequencePoints="9" numBranchPoints="3" visitedBranchPoints="3" sequenceCoverage="100" branchCoverage="100" maxCyclomaticComplexity="2" minCyclomaticComplexity="1" visitedClasses="1" numClasses="1" visitedMethods="1" numMethods="1" minCrapScore="2" maxCrapScore="2" />
          <FullName>Sample.SomeClass</FullName>
          <Methods>
            <Method visited="true" cyclomaticComplexity="2" nPathComplexity="2" sequenceCoverage="100" branchCoverage="100" isConstructor="false" isStatic="true" isGetter="false" isSetter="false" crapScore="2">
              <Summary numSequencePoints="9" visitedSequencePoints="9" numBranchPoints="3" visitedBranchPoints="3" sequenceCoverage="100" branchCoverage="100" maxCyclomaticComplexity="2" minCyclomaticComplexity="2" visitedClasses="0" numClasses="0" visitedMethods="1" numMethods="1" minCrapScore="2" maxCrapScore="2" />
              <MetadataToken>100663299</MetadataToken>
              <Name>System.Void Sample.SomeClass::DoSomething(System.Int32)</Name>
              <FileRef uid="2" />
              <SequencePoints>
                <SequencePoint vc="218" uspid="10" ordinal="0" offset="0" sl="10" sc="9" el="10" ec="10" bec="0" bev="0" fileid="2">
                  <Times />
                  <TrackedMethodRefs>
                    <TrackedMethodRef uid="1" vc="60" />
                    <TrackedMethodRef uid="2" vc="30" />
                    <TrackedMethodRef uid="3" vc="10" />
                    <TrackedMethodRef uid="4" vc="5" />
                    <TrackedMethodRef uid="5" vc="3" />
                    <TrackedMethodRef uid="6" vc="1" />
                    <TrackedMethodRef uid="7" vc="60" />
                    <TrackedMethodRef uid="8" vc="30" />
                    <TrackedMethodRef uid="9" vc="10" />
                    <TrackedMethodRef uid="10" vc="5" />
                    <TrackedMethodRef uid="11" vc="3" />
                    <TrackedMethodRef uid="12" vc="1" />
                  </TrackedMethodRefs>
                </SequencePoint>
                <SequencePoint vc="218" uspid="9" ordinal="1" offset="1" sl="11" sc="13" el="11" ec="32" bec="2" bev="0" fileid="2">
                  <Times />
                  <TrackedMethodRefs>
                    <TrackedMethodRef uid="1" vc="60" />
                    <TrackedMethodRef uid="2" vc="30" />
                    <TrackedMethodRef uid="3" vc="10" />
                    <TrackedMethodRef uid="4" vc="5" />
                    <TrackedMethodRef uid="5" vc="3" />
                    <TrackedMethodRef uid="6" vc="1" />
                    <TrackedMethodRef uid="7" vc="60" />
                    <TrackedMethodRef uid="8" vc="30" />
                    <TrackedMethodRef uid="9" vc="10" />
                    <TrackedMethodRef uid="10" vc="5" />
                    <TrackedMethodRef uid="11" vc="3" />
                    <TrackedMethodRef uid="12" vc="1" />
                  </TrackedMethodRefs>
                </SequencePoint>
                <SequencePoint vc="109" uspid="8" ordinal="2" offset="13" sl="11" sc="33" el="11" ec="34" bec="0" bev="2" fileid="2">
                  <Times />
                  <TrackedMethodRefs>
                    <TrackedMethodRef uid="1" vc="60" />
                    <TrackedMethodRef uid="2" vc="30" />
                    <TrackedMethodRef uid="3" vc="10" />
                    <TrackedMethodRef uid="4" vc="5" />
                    <TrackedMethodRef uid="5" vc="3" />
                    <TrackedMethodRef uid="6" vc="1" />
                  </TrackedMethodRefs>
                </SequencePoint>
                <SequencePoint vc="109" uspid="7" ordinal="3" offset="14" sl="12" sc="17" el="12" ec="50" bec="0" bev="0" fileid="2">
                  <Times />
                  <TrackedMethodRefs>
                    <TrackedMethodRef uid="1" vc="60" />
                    <TrackedMethodRef uid="2" vc="30" />
                    <TrackedMethodRef uid="3" vc="10" />
                    <TrackedMethodRef uid="4" vc="5" />
                    <TrackedMethodRef uid="5" vc="3" />
                    <TrackedMethodRef uid="6" vc="1" />
                  </TrackedMethodRefs>
                </SequencePoint>
                <SequencePoint vc="109" uspid="6" ordinal="4" offset="20" sl="13" sc="13" el="13" ec="14" bec="0" bev="0" fileid="2">
                  <Times />
                  <TrackedMethodRefs>
                    <TrackedMethodRef uid="1" vc="60" />
                    <TrackedMethodRef uid="2" vc="30" />
                    <TrackedMethodRef uid="3" vc="10" />
                    <TrackedMethodRef uid="4" vc="5" />
                    <TrackedMethodRef uid="5" vc="3" />
                    <TrackedMethodRef uid="6" vc="1" />
                  </TrackedMethodRefs>
                </SequencePoint>
                <SequencePoint vc="109" uspid="5" ordinal="5" offset="23" sl="14" sc="13" el="14" ec="14" bec="0" bev="0" fileid="2">
                  <Times />
                  <TrackedMethodRefs>
                    <TrackedMethodRef uid="7" vc="60" />
                    <TrackedMethodRef uid="8" vc="30" />
                    <TrackedMethodRef uid="9" vc="10" />
                    <TrackedMethodRef uid="10" vc="5" />
                    <TrackedMethodRef uid="11" vc="3" />
                    <TrackedMethodRef uid="12" vc="1" />
                  </TrackedMethodRefs>
                </SequencePoint>
                <SequencePoint vc="109" uspid="4" ordinal="6" offset="24" sl="15" sc="17" el="15" ec="53" bec="0" bev="0" fileid="2">
                  <Times />
                  <TrackedMethodRefs>
                    <TrackedMethodRef uid="7" vc="60" />
                    <TrackedMethodRef uid="8" vc="30" />
                    <TrackedMethodRef uid="9" vc="10" />
                    <TrackedMethodRef uid="10" vc="5" />
                    <TrackedMethodRef uid="11" vc="3" />
                    <TrackedMethodRef uid="12" vc="1" />
                  </TrackedMethodRefs>
                </SequencePoint>
                <SequencePoint vc="109" uspid="3" ordinal="7" offset="35" sl="16" sc="13" el="16" ec="14" bec="0" bev="0" fileid="2">
                  <Times />
                  <TrackedMethodRefs>
                    <TrackedMethodRef uid="7" vc="60" />
                    <TrackedMethodRef uid="8" vc="30" />
                    <TrackedMethodRef uid="9" vc="10" />
                    <TrackedMethodRef uid="10" vc="5" />
                    <TrackedMethodRef uid="11" vc="3" />
                    <TrackedMethodRef uid="12" vc="1" />
                  </TrackedMethodRefs>
                </SequencePoint>
                <SequencePoint vc="218" uspid="2" ordinal="8" offset="36" sl="17" sc="9" el="17" ec="10" bec="0" bev="0" fileid="2">
                  <Times />
                  <TrackedMethodRefs>
                    <TrackedMethodRef uid="1" vc="60" />
                    <TrackedMethodRef uid="2" vc="30" />
                    <TrackedMethodRef uid="3" vc="10" />
                    <TrackedMethodRef uid="4" vc="5" />
                    <TrackedMethodRef uid="5" vc="3" />
                    <TrackedMethodRef uid="6" vc="1" />
                    <TrackedMethodRef uid="7" vc="60" />
                    <TrackedMethodRef uid="8" vc="30" />
                    <TrackedMethodRef uid="9" vc="10" />
                    <TrackedMethodRef uid="10" vc="5" />
                    <TrackedMethodRef uid="11" vc="3" />
                    <TrackedMethodRef uid="12" vc="1" />
                  </TrackedMethodRefs>
                </SequencePoint>
              </SequencePoints>
              <BranchPoints>
                <BranchPoint vc="109" uspid="0" ordinal="0" offset="11" sl="11" path="0" offsetend="13" fileid="2">
                  <Times />
                  <TrackedMethodRefs>
                    <TrackedMethodRef uid="1" vc="60" />
                    <TrackedMethodRef uid="2" vc="30" />
                    <TrackedMethodRef uid="3" vc="10" />
                    <TrackedMethodRef uid="4" vc="5" />
                    <TrackedMethodRef uid="5" vc="3" />
                    <TrackedMethodRef uid="6" vc="1" />
                  </TrackedMethodRefs>
                </BranchPoint>
                <BranchPoint vc="109" uspid="1" ordinal="1" offset="11" sl="11" path="1" offsetend="23" fileid="2">
                  <Times />
                  <TrackedMethodRefs>
                    <TrackedMethodRef uid="7" vc="60" />
                    <TrackedMethodRef uid="8" vc="30" />
                    <TrackedMethodRef uid="9" vc="10" />
                    <TrackedMethodRef uid="10" vc="5" />
                    <TrackedMethodRef uid="11" vc="3" />
                    <TrackedMethodRef uid="12" vc="1" />
                  </TrackedMethodRefs>
                </BranchPoint>
              </BranchPoints>
              <MethodPoint xsi:type="SequencePoint" vc="218" uspid="10" ordinal="0" offset="0" sl="10" sc="9" el="10" ec="10" bec="0" bev="0" fileid="2" />
            </Method>
            <Method visited="false" cyclomaticComplexity="1" nPathComplexity="0" sequenceCoverage="0" branchCoverage="0" isConstructor="true" isStatic="false" isGetter="false" isSetter="false" crapScore="2">
              <Summary numSequencePoints="0" visitedSequencePoints="0" numBranchPoints="0" visitedBranchPoints="0" sequenceCoverage="0" branchCoverage="0" maxCyclomaticComplexity="1" minCyclomaticComplexity="1" visitedClasses="0" numClasses="0" visitedMethods="0" numMethods="0" minCrapScore="2" maxCrapScore="2" />
              <MetadataToken>100663300</MetadataToken>
              <Name>System.Void Sample.SomeClass::.ctor()</Name>
              <SequencePoints />
              <BranchPoints />
              <MethodPoint vc="0" uspid="100663300" ordinal="0" offset="0" />
            </Method>
          </Methods>
        </Class>
        <Class>
          <Summary numSequencePoints="8" visitedSequencePoints="8" numBranchPoints="3" visitedBranchPoints="3" sequenceCoverage="100" branchCoverage="100" maxCyclomaticComplexity="2" minCyclomaticComplexity="1" visitedClasses="1" numClasses="1" visitedMethods="1" numMethods="1" minCrapScore="2" maxCrapScore="2" />
          <FullName>Sample.SomeOtherClass</FullName>
          <Methods>
            <Method visited="true" cyclomaticComplexity="2" nPathComplexity="2" sequenceCoverage="100" branchCoverage="100" isConstructor="false" isStatic="true" isGetter="false" isSetter="false" crapScore="2">
              <Summary numSequencePoints="8" visitedSequencePoints="8" numBranchPoints="3" visitedBranchPoints="3" sequenceCoverage="100" branchCoverage="100" maxCyclomaticComplexity="2" minCyclomaticComplexity="2" visitedClasses="0" numClasses="0" visitedMethods="1" numMethods="1" minCrapScore="2" maxCrapScore="2" />
              <MetadataToken>100663301</MetadataToken>
              <Name>System.Void Sample.SomeOtherClass::DoSomethingElse()</Name>
              <FileRef uid="3" />
              <SequencePoints>
                <SequencePoint vc="109" uspid="18" ordinal="0" offset="0" sl="10" sc="9" el="10" ec="10" bec="0" bev="0" fileid="3">
                  <Times />
                  <TrackedMethodRefs>
                    <TrackedMethodRef uid="1" vc="60" />
                    <TrackedMethodRef uid="2" vc="30" />
                    <TrackedMethodRef uid="3" vc="10" />
                    <TrackedMethodRef uid="4" vc="5" />
                    <TrackedMethodRef uid="5" vc="3" />
                    <TrackedMethodRef uid="6" vc="1" />
                  </TrackedMethodRefs>
                </SequencePoint>
                <SequencePoint vc="109" uspid="17" ordinal="1" offset="1" sl="11" sc="17" el="11" ec="24" bec="0" bev="0" fileid="3">
                  <Times />
                  <TrackedMethodRefs>
                    <TrackedMethodRef uid="1" vc="60" />
                    <TrackedMethodRef uid="2" vc="30" />
                    <TrackedMethodRef uid="3" vc="10" />
                    <TrackedMethodRef uid="4" vc="5" />
                    <TrackedMethodRef uid="5" vc="3" />
                    <TrackedMethodRef uid="6" vc="1" />
                  </TrackedMethodRefs>
                </SequencePoint>
                <SequencePoint vc="1090" uspid="16" ordinal="2" offset="5" sl="12" sc="13" el="12" ec="14" bec="0" bev="0" fileid="3">
                  <Times />
                  <TrackedMethodRefs>
                    <TrackedMethodRef uid="1" vc="600" />
                    <TrackedMethodRef uid="2" vc="300" />
                    <TrackedMethodRef uid="3" vc="100" />
                    <TrackedMethodRef uid="4" vc="50" />
                    <TrackedMethodRef uid="5" vc="30" />
                    <TrackedMethodRef uid="6" vc="10" />
                  </TrackedMethodRefs>
                </SequencePoint>
                <SequencePoint vc="1090" uspid="15" ordinal="3" offset="6" sl="13" sc="17" el="13" ec="56" bec="0" bev="0" fileid="3">
                  <Times />
                  <TrackedMethodRefs>
                    <TrackedMethodRef uid="1" vc="600" />
                    <TrackedMethodRef uid="2" vc="300" />
                    <TrackedMethodRef uid="3" vc="100" />
                    <TrackedMethodRef uid="4" vc="50" />
                    <TrackedMethodRef uid="5" vc="30" />
                    <TrackedMethodRef uid="6" vc="10" />
                  </TrackedMethodRefs>
                </SequencePoint>
                <SequencePoint vc="1090" uspid="14" ordinal="4" offset="29" sl="14" sc="13" el="14" ec="14" bec="0" bev="0" fileid="3">
                  <Times />
                  <TrackedMethodRefs>
                    <TrackedMethodRef uid="1" vc="600" />
                    <TrackedMethodRef uid="2" vc="300" />
                    <TrackedMethodRef uid="3" vc="100" />
                    <TrackedMethodRef uid="4" vc="50" />
                    <TrackedMethodRef uid="5" vc="30" />
                    <TrackedMethodRef uid="6" vc="10" />
                  </TrackedMethodRefs>
                </SequencePoint>
                <SequencePoint vc="1090" uspid="13" ordinal="5" offset="30" sl="11" sc="30" el="11" ec="33" bec="0" bev="0" fileid="3">
                  <Times />
                  <TrackedMethodRefs>
                    <TrackedMethodRef uid="1" vc="600" />
                    <TrackedMethodRef uid="2" vc="300" />
                    <TrackedMethodRef uid="3" vc="100" />
                    <TrackedMethodRef uid="4" vc="50" />
                    <TrackedMethodRef uid="5" vc="30" />
                    <TrackedMethodRef uid="6" vc="10" />
                  </TrackedMethodRefs>
                </SequencePoint>
                <SequencePoint vc="1199" uspid="12" ordinal="6" offset="34" sl="11" sc="25" el="11" ec="29" bec="2" bev="2" fileid="3">
                  <Times />
                  <TrackedMethodRefs>
                    <TrackedMethodRef uid="1" vc="660" />
                    <TrackedMethodRef uid="2" vc="330" />
                    <TrackedMethodRef uid="3" vc="110" />
                    <TrackedMethodRef uid="4" vc="55" />
                    <TrackedMethodRef uid="5" vc="33" />
                    <TrackedMethodRef uid="6" vc="11" />
                  </TrackedMethodRefs>
                </SequencePoint>
                <SequencePoint vc="109" uspid="11" ordinal="7" offset="43" sl="15" sc="9" el="15" ec="10" bec="0" bev="0" fileid="3">
                  <Times />
                  <TrackedMethodRefs>
                    <TrackedMethodRef uid="1" vc="60" />
                    <TrackedMethodRef uid="2" vc="30" />
                    <TrackedMethodRef uid="3" vc="10" />
                    <TrackedMethodRef uid="4" vc="5" />
                    <TrackedMethodRef uid="5" vc="3" />
                    <TrackedMethodRef uid="6" vc="1" />
                  </TrackedMethodRefs>
                </SequencePoint>
              </SequencePoints>
              <BranchPoints>
                <BranchPoint vc="109" uspid="2" ordinal="0" offset="41" sl="11" path="0" offsetend="43" fileid="3">
                  <Times />
                  <TrackedMethodRefs>
                    <TrackedMethodRef uid="1" vc="60" />
                    <TrackedMethodRef uid="2" vc="30" />
                    <TrackedMethodRef uid="3" vc="10" />
                    <TrackedMethodRef uid="4" vc="5" />
                    <TrackedMethodRef uid="5" vc="3" />
                    <TrackedMethodRef uid="6" vc="1" />
                  </TrackedMethodRefs>
                </BranchPoint>
                <BranchPoint vc="1090" uspid="3" ordinal="1" offset="41" sl="11" path="1" offsetend="5" fileid="3">
                  <Times />
                  <TrackedMethodRefs>
                    <TrackedMethodRef uid="1" vc="600" />
                    <TrackedMethodRef uid="2" vc="300" />
                    <TrackedMethodRef uid="3" vc="100" />
                    <TrackedMethodRef uid="4" vc="50" />
                    <TrackedMethodRef uid="5" vc="30" />
                    <TrackedMethodRef uid="6" vc="10" />
                  </TrackedMethodRefs>
                </BranchPoint>
              </BranchPoints>
              <MethodPoint xsi:type="SequencePoint" vc="109" uspid="18" ordinal="0" offset="0" sl="10" sc="9" el="10" ec="10" bec="0" bev="0" fileid="3" />
            </Method>
            <Method visited="false" cyclomaticComplexity="1" nPathComplexity="0" sequenceCoverage="0" branchCoverage="0" isConstructor="true" isStatic="false" isGetter="false" isSetter="false" crapScore="2">
              <Summary numSequencePoints="0" visitedSequencePoints="0" numBranchPoints="0" visitedBranchPoints="0" sequenceCoverage="0" branchCoverage="0" maxCyclomaticComplexity="1" minCyclomaticComplexity="1" visitedClasses="0" numClasses="0" visitedMethods="0" numMethods="0" minCrapScore="2" maxCrapScore="2" />
              <MetadataToken>100663302</MetadataToken>
              <Name>System.Void Sample.SomeOtherClass::.ctor()</Name>
              <SequencePoints />
              <BranchPoints />
              <MethodPoint vc="0" uspid="100663302" ordinal="0" offset="0" />
            </Method>
          </Methods>
        </Class>
      </Classes>
      <TrackedMethods />
    </Module>
    <Module hash="B9-DE-FF-AA-F6-E5-E0-74-93-35-B3-24-98-B2-A8-3D-F1-67-27-B2">
      <Summary numSequencePoints="47" visitedSequencePoints="45" numBranchPoints="16" visitedBranchPoints="3" sequenceCoverage="95.74" branchCoverage="18.75" maxCyclomaticComplexity="2" minCyclomaticComplexity="1" visitedClasses="1" numClasses="2" visitedMethods="13" numMethods="14" minCrapScore="1" maxCrapScore="2" />
      <ModulePath>C:\Users\Mathias Lorenzen\source\repos\cli\tests\dotnet\sample\Sample.Tests\bin\Debug\netcoreapp3.1\__Saved\Sample.Tests.dll</ModulePath>
      <ModuleTime>2020-11-02T14:22:21.2962925Z</ModuleTime>
      <ModuleName>Sample.Tests</ModuleName>
      <Files>
        <File uid="1" fullPath="C:\Users\Mathias Lorenzen\source\repos\cli\tests\dotnet\src\Sample\Program.cs" />
        <File uid="2" fullPath="C:\Users\Mathias Lorenzen\source\repos\cli\tests\dotnet\src\Sample\SomeClass.cs" />
        <File uid="3" fullPath="C:\Users\Mathias Lorenzen\source\repos\cli\tests\dotnet\src\Sample\SomeOtherClass.cs" />
        <File uid="4" fullPath="C:\Users\Mathias Lorenzen\.nuget\packages\microsoft.net.test.sdk\16.5.0\build\netcoreapp2.1\Microsoft.NET.Test.Sdk.Program.cs" />
        <File uid="5" fullPath="C:\Users\Mathias Lorenzen\source\repos\cli\tests\dotnet\sample\Sample.Tests\SampleTests.cs" />
      </Files>
      <Classes>
        <Class>
          <Summary numSequencePoints="2" visitedSequencePoints="0" numBranchPoints="1" visitedBranchPoints="0" sequenceCoverage="0" branchCoverage="0" maxCyclomaticComplexity="1" minCyclomaticComplexity="1" visitedClasses="0" numClasses="1" visitedMethods="0" numMethods="1" minCrapScore="2" maxCrapScore="2" />
          <FullName>AutoGeneratedProgram</FullName>
          <Methods>
            <Method visited="false" cyclomaticComplexity="1" nPathComplexity="0" sequenceCoverage="0" branchCoverage="0" isConstructor="false" isStatic="true" isGetter="false" isSetter="false" crapScore="2">
              <Summary numSequencePoints="2" visitedSequencePoints="0" numBranchPoints="1" visitedBranchPoints="0" sequenceCoverage="0" branchCoverage="0" maxCyclomaticComplexity="1" minCyclomaticComplexity="1" visitedClasses="0" numClasses="0" visitedMethods="0" numMethods="1" minCrapScore="2" maxCrapScore="2" />
              <MetadataToken>100663297</MetadataToken>
              <Name>System.Void AutoGeneratedProgram::Main(System.String[])</Name>
              <FileRef uid="4" />
              <SequencePoints>
                <SequencePoint vc="0" uspid="1" ordinal="0" offset="0" sl="4" sc="60" el="4" ec="61" bec="0" bev="0" fileid="4" />
                <SequencePoint vc="0" uspid="0" ordinal="1" offset="1" sl="4" sc="61" el="4" ec="62" bec="0" bev="0" fileid="4" />
              </SequencePoints>
              <BranchPoints />
              <MethodPoint xsi:type="SequencePoint" vc="0" uspid="1" ordinal="0" offset="0" sl="4" sc="60" el="4" ec="61" bec="0" bev="0" fileid="4" />
            </Method>
            <Method visited="false" cyclomaticComplexity="1" nPathComplexity="0" sequenceCoverage="0" branchCoverage="0" isConstructor="true" isStatic="false" isGetter="false" isSetter="false" crapScore="2">
              <Summary numSequencePoints="0" visitedSequencePoints="0" numBranchPoints="0" visitedBranchPoints="0" sequenceCoverage="0" branchCoverage="0" maxCyclomaticComplexity="1" minCyclomaticComplexity="1" visitedClasses="0" numClasses="0" visitedMethods="0" numMethods="0" minCrapScore="2" maxCrapScore="2" />
              <MetadataToken>100663298</MetadataToken>
              <Name>System.Void AutoGeneratedProgram::.ctor()</Name>
              <SequencePoints />
              <BranchPoints />
              <MethodPoint vc="0" uspid="100663298" ordinal="0" offset="0" />
            </Method>
          </Methods>
        </Class>
        <Class>
          <Summary numSequencePoints="45" visitedSequencePoints="45" numBranchPoints="15" visitedBranchPoints="3" sequenceCoverage="100" branchCoverage="20" maxCyclomaticComplexity="2" minCyclomaticComplexity="1" visitedClasses="1" numClasses="1" visitedMethods="13" numMethods="13" minCrapScore="1" maxCrapScore="2" />
          <FullName>Sample.Tests.SampleTests</FullName>
          <Methods>
            <Method visited="true" cyclomaticComplexity="1" nPathComplexity="0" sequenceCoverage="100" branchCoverage="0" isConstructor="false" isStatic="false" isGetter="false" isSetter="false" crapScore="1">
              <Summary numSequencePoints="3" visitedSequencePoints="3" numBranchPoints="1" visitedBranchPoints="0" sequenceCoverage="100" branchCoverage="0" maxCyclomaticComplexity="1" minCyclomaticComplexity="1" visitedClasses="0" numClasses="0" visitedMethods="1" numMethods="1" minCrapScore="1" maxCrapScore="1" />
              <MetadataToken>100663299</MetadataToken>
              <Name>System.Void Sample.Tests.SampleTests::Test_60s_HelloWorld()</Name>
              <FileRef uid="5" />
              <SequencePoints>
                <SequencePoint vc="1" uspid="4" ordinal="0" offset="0" sl="12" sc="9" el="12" ec="10" bec="0" bev="0" fileid="5">
                  <Times />
                  <TrackedMethodRefs>
                    <TrackedMethodRef uid="1" vc="1" />
                  </TrackedMethodRefs>
                </SequencePoint>
                <SequencePoint vc="1" uspid="3" ordinal="1" offset="1" sl="13" sc="13" el="13" ec="35" bec="0" bev="0" fileid="5">
                  <Times />
                  <TrackedMethodRefs>
                    <TrackedMethodRef uid="1" vc="1" />
                  </TrackedMethodRefs>
                </SequencePoint>
                <SequencePoint vc="1" uspid="2" ordinal="2" offset="14" sl="14" sc="9" el="14" ec="10" bec="0" bev="0" fileid="5">
                  <Times />
                  <TrackedMethodRefs>
                    <TrackedMethodRef uid="1" vc="1" />
                  </TrackedMethodRefs>
                </SequencePoint>
              </SequencePoints>
              <BranchPoints />
              <MethodPoint xsi:type="SequencePoint" vc="1" uspid="4" ordinal="0" offset="0" sl="12" sc="9" el="12" ec="10" bec="0" bev="0" fileid="5" />
            </Method>
            <Method visited="true" cyclomaticComplexity="1" nPathComplexity="0" sequenceCoverage="100" branchCoverage="0" isConstructor="false" isStatic="false" isGetter="false" isSetter="false" crapScore="1">
              <Summary numSequencePoints="3" visitedSequencePoints="3" numBranchPoints="1" visitedBranchPoints="0" sequenceCoverage="100" branchCoverage="0" maxCyclomaticComplexity="1" minCyclomaticComplexity="1" visitedClasses="0" numClasses="0" visitedMethods="1" numMethods="1" minCrapScore="1" maxCrapScore="1" />
              <MetadataToken>100663300</MetadataToken>
              <Name>System.Void Sample.Tests.SampleTests::Test_30s_HelloWorld()</Name>
              <FileRef uid="5" />
              <SequencePoints>
                <SequencePoint vc="1" uspid="7" ordinal="0" offset="0" sl="18" sc="9" el="18" ec="10" bec="0" bev="0" fileid="5">
                  <Times />
                  <TrackedMethodRefs>
                    <TrackedMethodRef uid="2" vc="1" />
                  </TrackedMethodRefs>
                </SequencePoint>
                <SequencePoint vc="1" uspid="6" ordinal="1" offset="1" sl="19" sc="13" el="19" ec="35" bec="0" bev="0" fileid="5">
                  <Times />
                  <TrackedMethodRefs>
                    <TrackedMethodRef uid="2" vc="1" />
                  </TrackedMethodRefs>
                </SequencePoint>
                <SequencePoint vc="1" uspid="5" ordinal="2" offset="14" sl="20" sc="9" el="20" ec="10" bec="0" bev="0" fileid="5">
                  <Times />
                  <TrackedMethodRefs>
                    <TrackedMethodRef uid="2" vc="1" />
                  </TrackedMethodRefs>
                </SequencePoint>
              </SequencePoints>
              <BranchPoints />
              <MethodPoint xsi:type="SequencePoint" vc="1" uspid="7" ordinal="0" offset="0" sl="18" sc="9" el="18" ec="10" bec="0" bev="0" fileid="5" />
            </Method>
            <Method visited="true" cyclomaticComplexity="1" nPathComplexity="0" sequenceCoverage="100" branchCoverage="0" isConstructor="false" isStatic="false" isGetter="false" isSetter="false" crapScore="1">
              <Summary numSequencePoints="3" visitedSequencePoints="3" numBranchPoints="1" visitedBranchPoints="0" sequenceCoverage="100" branchCoverage="0" maxCyclomaticComplexity="1" minCyclomaticComplexity="1" visitedClasses="0" numClasses="0" visitedMethods="1" numMethods="1" minCrapScore="1" maxCrapScore="1" />
              <MetadataToken>100663301</MetadataToken>
              <Name>System.Void Sample.Tests.SampleTests::Test_10s_HelloWorld()</Name>
              <FileRef uid="5" />
              <SequencePoints>
                <SequencePoint vc="1" uspid="10" ordinal="0" offset="0" sl="24" sc="9" el="24" ec="10" bec="0" bev="0" fileid="5">
                  <Times />
                  <TrackedMethodRefs>
                    <TrackedMethodRef uid="3" vc="1" />
                  </TrackedMethodRefs>
                </SequencePoint>
                <SequencePoint vc="1" uspid="9" ordinal="1" offset="1" sl="25" sc="13" el="25" ec="35" bec="0" bev="0" fileid="5">
                  <Times />
                  <TrackedMethodRefs>
                    <TrackedMethodRef uid="3" vc="1" />
                  </TrackedMethodRefs>
                </SequencePoint>
                <SequencePoint vc="1" uspid="8" ordinal="2" offset="14" sl="26" sc="9" el="26" ec="10" bec="0" bev="0" fileid="5">
                  <Times />
                  <TrackedMethodRefs>
                    <TrackedMethodRef uid="3" vc="1" />
                  </TrackedMethodRefs>
                </SequencePoint>
              </SequencePoints>
              <BranchPoints />
              <MethodPoint xsi:type="SequencePoint" vc="1" uspid="10" ordinal="0" offset="0" sl="24" sc="9" el="24" ec="10" bec="0" bev="0" fileid="5" />
            </Method>
            <Method visited="true" cyclomaticComplexity="1" nPathComplexity="0" sequenceCoverage="100" branchCoverage="0" isConstructor="false" isStatic="false" isGetter="false" isSetter="false" crapScore="1">
              <Summary numSequencePoints="3" visitedSequencePoints="3" numBranchPoints="1" visitedBranchPoints="0" sequenceCoverage="100" branchCoverage="0" maxCyclomaticComplexity="1" minCyclomaticComplexity="1" visitedClasses="0" numClasses="0" visitedMethods="1" numMethods="1" minCrapScore="1" maxCrapScore="1" />
              <MetadataToken>100663302</MetadataToken>
              <Name>System.Void Sample.Tests.SampleTests::Test_5s_HelloWorld()</Name>
              <FileRef uid="5" />
              <SequencePoints>
                <SequencePoint vc="1" uspid="13" ordinal="0" offset="0" sl="30" sc="9" el="30" ec="10" bec="0" bev="0" fileid="5">
                  <Times />
                  <TrackedMethodRefs>
                    <TrackedMethodRef uid="4" vc="1" />
                  </TrackedMethodRefs>
                </SequencePoint>
                <SequencePoint vc="1" uspid="12" ordinal="1" offset="1" sl="31" sc="13" el="31" ec="34" bec="0" bev="0" fileid="5">
                  <Times />
                  <TrackedMethodRefs>
                    <TrackedMethodRef uid="4" vc="1" />
                  </TrackedMethodRefs>
                </SequencePoint>
                <SequencePoint vc="1" uspid="11" ordinal="2" offset="13" sl="32" sc="9" el="32" ec="10" bec="0" bev="0" fileid="5">
                  <Times />
                  <TrackedMethodRefs>
                    <TrackedMethodRef uid="4" vc="1" />
                  </TrackedMethodRefs>
                </SequencePoint>
              </SequencePoints>
              <BranchPoints />
              <MethodPoint xsi:type="SequencePoint" vc="1" uspid="13" ordinal="0" offset="0" sl="30" sc="9" el="30" ec="10" bec="0" bev="0" fileid="5" />
            </Method>
            <Method visited="true" cyclomaticComplexity="1" nPathComplexity="0" sequenceCoverage="100" branchCoverage="0" isConstructor="false" isStatic="false" isGetter="false" isSetter="false" crapScore="1">
              <Summary numSequencePoints="3" visitedSequencePoints="3" numBranchPoints="1" visitedBranchPoints="0" sequenceCoverage="100" branchCoverage="0" maxCyclomaticComplexity="1" minCyclomaticComplexity="1" visitedClasses="0" numClasses="0" visitedMethods="1" numMethods="1" minCrapScore="1" maxCrapScore="1" />
              <MetadataToken>100663303</MetadataToken>
              <Name>System.Void Sample.Tests.SampleTests::Test_3s_HelloWorld()</Name>
              <FileRef uid="5" />
              <SequencePoints>
                <SequencePoint vc="1" uspid="16" ordinal="0" offset="0" sl="36" sc="9" el="36" ec="10" bec="0" bev="0" fileid="5">
                  <Times />
                  <TrackedMethodRefs>
                    <TrackedMethodRef uid="5" vc="1" />
                  </TrackedMethodRefs>
                </SequencePoint>
                <SequencePoint vc="1" uspid="15" ordinal="1" offset="1" sl="37" sc="13" el="37" ec="34" bec="0" bev="0" fileid="5">
                  <Times />
                  <TrackedMethodRefs>
                    <TrackedMethodRef uid="5" vc="1" />
                  </TrackedMethodRefs>
                </SequencePoint>
                <SequencePoint vc="1" uspid="14" ordinal="2" offset="13" sl="38" sc="9" el="38" ec="10" bec="0" bev="0" fileid="5">
                  <Times />
                  <TrackedMethodRefs>
                    <TrackedMethodRef uid="5" vc="1" />
                  </TrackedMethodRefs>
                </SequencePoint>
              </SequencePoints>
              <BranchPoints />
              <MethodPoint xsi:type="SequencePoint" vc="1" uspid="16" ordinal="0" offset="0" sl="36" sc="9" el="36" ec="10" bec="0" bev="0" fileid="5" />
            </Method>
            <Method visited="true" cyclomaticComplexity="1" nPathComplexity="0" sequenceCoverage="100" branchCoverage="0" isConstructor="false" isStatic="false" isGetter="false" isSetter="false" crapScore="1">
              <Summary numSequencePoints="3" visitedSequencePoints="3" numBranchPoints="1" visitedBranchPoints="0" sequenceCoverage="100" branchCoverage="0" maxCyclomaticComplexity="1" minCyclomaticComplexity="1" visitedClasses="0" numClasses="0" visitedMethods="1" numMethods="1" minCrapScore="1" maxCrapScore="1" />
              <MetadataToken>100663304</MetadataToken>
              <Name>System.Void Sample.Tests.SampleTests::Test_1s_HelloWorld()</Name>
              <FileRef uid="5" />
              <SequencePoints>
                <SequencePoint vc="1" uspid="19" ordinal="0" offset="0" sl="42" sc="9" el="42" ec="10" bec="0" bev="0" fileid="5">
                  <Times />
                  <TrackedMethodRefs>
                    <TrackedMethodRef uid="6" vc="1" />
                  </TrackedMethodRefs>
                </SequencePoint>
                <SequencePoint vc="1" uspid="18" ordinal="1" offset="1" sl="43" sc="13" el="43" ec="34" bec="0" bev="0" fileid="5">
                  <Times />
                  <TrackedMethodRefs>
                    <TrackedMethodRef uid="6" vc="1" />
                  </TrackedMethodRefs>
                </SequencePoint>
                <SequencePoint vc="1" uspid="17" ordinal="2" offset="13" sl="44" sc="9" el="44" ec="10" bec="0" bev="0" fileid="5">
                  <Times />
                  <TrackedMethodRefs>
                    <TrackedMethodRef uid="6" vc="1" />
                  </TrackedMethodRefs>
                </SequencePoint>
              </SequencePoints>
              <BranchPoints />
              <MethodPoint xsi:type="SequencePoint" vc="1" uspid="19" ordinal="0" offset="0" sl="42" sc="9" el="42" ec="10" bec="0" bev="0" fileid="5" />
            </Method>
            <Method visited="true" cyclomaticComplexity="1" nPathComplexity="0" sequenceCoverage="100" branchCoverage="0" isConstructor="false" isStatic="false" isGetter="false" isSetter="false" crapScore="1">
              <Summary numSequencePoints="3" visitedSequencePoints="3" numBranchPoints="1" visitedBranchPoints="0" sequenceCoverage="100" branchCoverage="0" maxCyclomaticComplexity="1" minCyclomaticComplexity="1" visitedClasses="0" numClasses="0" visitedMethods="1" numMethods="1" minCrapScore="1" maxCrapScore="1" />
              <MetadataToken>100663305</MetadataToken>
              <Name>System.Void Sample.Tests.SampleTests::Test_60s_HelloDarkness()</Name>
              <FileRef uid="5" />
              <SequencePoints>
                <SequencePoint vc="1" uspid="22" ordinal="0" offset="0" sl="51" sc="9" el="51" ec="10" bec="0" bev="0" fileid="5">
                  <Times />
                  <TrackedMethodRefs>
                    <TrackedMethodRef uid="7" vc="1" />
                  </TrackedMethodRefs>
                </SequencePoint>
                <SequencePoint vc="1" uspid="21" ordinal="1" offset="1" sl="52" sc="13" el="52" ec="34" bec="0" bev="0" fileid="5">
                  <Times />
                  <TrackedMethodRefs>
                    <TrackedMethodRef uid="7" vc="1" />
                  </TrackedMethodRefs>
                </SequencePoint>
                <SequencePoint vc="1" uspid="20" ordinal="2" offset="11" sl="53" sc="9" el="53" ec="10" bec="0" bev="0" fileid="5">
                  <Times />
                  <TrackedMethodRefs>
                    <TrackedMethodRef uid="7" vc="1" />
                  </TrackedMethodRefs>
                </SequencePoint>
              </SequencePoints>
              <BranchPoints />
              <MethodPoint xsi:type="SequencePoint" vc="1" uspid="22" ordinal="0" offset="0" sl="51" sc="9" el="51" ec="10" bec="0" bev="0" fileid="5" />
            </Method>
            <Method visited="true" cyclomaticComplexity="1" nPathComplexity="0" sequenceCoverage="100" branchCoverage="0" isConstructor="false" isStatic="false" isGetter="false" isSetter="false" crapScore="1">
              <Summary numSequencePoints="3" visitedSequencePoints="3" numBranchPoints="1" visitedBranchPoints="0" sequenceCoverage="100" branchCoverage="0" maxCyclomaticComplexity="1" minCyclomaticComplexity="1" visitedClasses="0" numClasses="0" visitedMethods="1" numMethods="1" minCrapScore="1" maxCrapScore="1" />
              <MetadataToken>100663306</MetadataToken>
              <Name>System.Void Sample.Tests.SampleTests::Test_30s_HelloDarkness()</Name>
              <FileRef uid="5" />
              <SequencePoints>
                <SequencePoint vc="1" uspid="25" ordinal="0" offset="0" sl="57" sc="9" el="57" ec="10" bec="0" bev="0" fileid="5">
                  <Times />
                  <TrackedMethodRefs>
                    <TrackedMethodRef uid="8" vc="1" />
                  </TrackedMethodRefs>
                </SequencePoint>
                <SequencePoint vc="1" uspid="24" ordinal="1" offset="1" sl="58" sc="13" el="58" ec="34" bec="0" bev="0" fileid="5">
                  <Times />
                  <TrackedMethodRefs>
                    <TrackedMethodRef uid="8" vc="1" />
                  </TrackedMethodRefs>
                </SequencePoint>
                <SequencePoint vc="1" uspid="23" ordinal="2" offset="11" sl="59" sc="9" el="59" ec="10" bec="0" bev="0" fileid="5">
                  <Times />
                  <TrackedMethodRefs>
                    <TrackedMethodRef uid="8" vc="1" />
                  </TrackedMethodRefs>
                </SequencePoint>
              </SequencePoints>
              <BranchPoints />
              <MethodPoint xsi:type="SequencePoint" vc="1" uspid="25" ordinal="0" offset="0" sl="57" sc="9" el="57" ec="10" bec="0" bev="0" fileid="5" />
            </Method>
            <Method visited="true" cyclomaticComplexity="1" nPathComplexity="0" sequenceCoverage="100" branchCoverage="0" isConstructor="false" isStatic="false" isGetter="false" isSetter="false" crapScore="1">
              <Summary numSequencePoints="3" visitedSequencePoints="3" numBranchPoints="1" visitedBranchPoints="0" sequenceCoverage="100" branchCoverage="0" maxCyclomaticComplexity="1" minCyclomaticComplexity="1" visitedClasses="0" numClasses="0" visitedMethods="1" numMethods="1" minCrapScore="1" maxCrapScore="1" />
              <MetadataToken>100663307</MetadataToken>
              <Name>System.Void Sample.Tests.SampleTests::Test_10s_HelloDarkness()</Name>
              <FileRef uid="5" />
              <SequencePoints>
                <SequencePoint vc="1" uspid="28" ordinal="0" offset="0" sl="63" sc="9" el="63" ec="10" bec="0" bev="0" fileid="5">
                  <Times />
                  <TrackedMethodRefs>
                    <TrackedMethodRef uid="9" vc="1" />
                  </TrackedMethodRefs>
                </SequencePoint>
                <SequencePoint vc="1" uspid="27" ordinal="1" offset="1" sl="64" sc="13" el="64" ec="34" bec="0" bev="0" fileid="5">
                  <Times />
                  <TrackedMethodRefs>
                    <TrackedMethodRef uid="9" vc="1" />
                  </TrackedMethodRefs>
                </SequencePoint>
                <SequencePoint vc="1" uspid="26" ordinal="2" offset="11" sl="65" sc="9" el="65" ec="10" bec="0" bev="0" fileid="5">
                  <Times />
                  <TrackedMethodRefs>
                    <TrackedMethodRef uid="9" vc="1" />
                  </TrackedMethodRefs>
                </SequencePoint>
              </SequencePoints>
              <BranchPoints />
              <MethodPoint xsi:type="SequencePoint" vc="1" uspid="28" ordinal="0" offset="0" sl="63" sc="9" el="63" ec="10" bec="0" bev="0" fileid="5" />
            </Method>
            <Method visited="true" cyclomaticComplexity="1" nPathComplexity="0" sequenceCoverage="100" branchCoverage="0" isConstructor="false" isStatic="false" isGetter="false" isSetter="false" crapScore="1">
              <Summary numSequencePoints="3" visitedSequencePoints="3" numBranchPoints="1" visitedBranchPoints="0" sequenceCoverage="100" branchCoverage="0" maxCyclomaticComplexity="1" minCyclomaticComplexity="1" visitedClasses="0" numClasses="0" visitedMethods="1" numMethods="1" minCrapScore="1" maxCrapScore="1" />
              <MetadataToken>100663308</MetadataToken>
              <Name>System.Void Sample.Tests.SampleTests::Test_5s_HelloDarkness()</Name>
              <FileRef uid="5" />
              <SequencePoints>
                <SequencePoint vc="1" uspid="31" ordinal="0" offset="0" sl="69" sc="9" el="69" ec="10" bec="0" bev="0" fileid="5">
                  <Times />
                  <TrackedMethodRefs>
                    <TrackedMethodRef uid="10" vc="1" />
                  </TrackedMethodRefs>
                </SequencePoint>
                <SequencePoint vc="1" uspid="30" ordinal="1" offset="1" sl="70" sc="13" el="70" ec="33" bec="0" bev="0" fileid="5">
                  <Times />
                  <TrackedMethodRefs>
                    <TrackedMethodRef uid="10" vc="1" />
                  </TrackedMethodRefs>
                </SequencePoint>
                <SequencePoint vc="1" uspid="29" ordinal="2" offset="10" sl="71" sc="9" el="71" ec="10" bec="0" bev="0" fileid="5">
                  <Times />
                  <TrackedMethodRefs>
                    <TrackedMethodRef uid="10" vc="1" />
                  </TrackedMethodRefs>
                </SequencePoint>
              </SequencePoints>
              <BranchPoints />
              <MethodPoint xsi:type="SequencePoint" vc="1" uspid="31" ordinal="0" offset="0" sl="69" sc="9" el="69" ec="10" bec="0" bev="0" fileid="5" />
            </Method>
            <Method visited="true" cyclomaticComplexity="1" nPathComplexity="0" sequenceCoverage="100" branchCoverage="0" isConstructor="false" isStatic="false" isGetter="false" isSetter="false" crapScore="1">
              <Summary numSequencePoints="3" visitedSequencePoints="3" numBranchPoints="1" visitedBranchPoints="0" sequenceCoverage="100" branchCoverage="0" maxCyclomaticComplexity="1" minCyclomaticComplexity="1" visitedClasses="0" numClasses="0" visitedMethods="1" numMethods="1" minCrapScore="1" maxCrapScore="1" />
              <MetadataToken>100663309</MetadataToken>
              <Name>System.Void Sample.Tests.SampleTests::Test_3s_HelloDarkness()</Name>
              <FileRef uid="5" />
              <SequencePoints>
                <SequencePoint vc="1" uspid="34" ordinal="0" offset="0" sl="75" sc="9" el="75" ec="10" bec="0" bev="0" fileid="5">
                  <Times />
                  <TrackedMethodRefs>
                    <TrackedMethodRef uid="11" vc="1" />
                  </TrackedMethodRefs>
                </SequencePoint>
                <SequencePoint vc="1" uspid="33" ordinal="1" offset="1" sl="76" sc="13" el="76" ec="33" bec="0" bev="0" fileid="5">
                  <Times />
                  <TrackedMethodRefs>
                    <TrackedMethodRef uid="11" vc="1" />
                  </TrackedMethodRefs>
                </SequencePoint>
                <SequencePoint vc="1" uspid="32" ordinal="2" offset="10" sl="77" sc="9" el="77" ec="10" bec="0" bev="0" fileid="5">
                  <Times />
                  <TrackedMethodRefs>
                    <TrackedMethodRef uid="11" vc="1" />
                  </TrackedMethodRefs>
                </SequencePoint>
              </SequencePoints>
              <BranchPoints />
              <MethodPoint xsi:type="SequencePoint" vc="1" uspid="34" ordinal="0" offset="0" sl="75" sc="9" el="75" ec="10" bec="0" bev="0" fileid="5" />
            </Method>
            <Method visited="true" cyclomaticComplexity="1" nPathComplexity="0" sequenceCoverage="100" branchCoverage="0" isConstructor="false" isStatic="false" isGetter="false" isSetter="false" crapScore="1">
              <Summary numSequencePoints="3" visitedSequencePoints="3" numBranchPoints="1" visitedBranchPoints="0" sequenceCoverage="100" branchCoverage="0" maxCyclomaticComplexity="1" minCyclomaticComplexity="1" visitedClasses="0" numClasses="0" visitedMethods="1" numMethods="1" minCrapScore="1" maxCrapScore="1" />
              <MetadataToken>100663310</MetadataToken>
              <Name>System.Void Sample.Tests.SampleTests::Test_1s_HelloDarkness()</Name>
              <FileRef uid="5" />
              <SequencePoints>
                <SequencePoint vc="1" uspid="37" ordinal="0" offset="0" sl="81" sc="9" el="81" ec="10" bec="0" bev="0" fileid="5">
                  <Times />
                  <TrackedMethodRefs>
                    <TrackedMethodRef uid="12" vc="1" />
                  </TrackedMethodRefs>
                </SequencePoint>
                <SequencePoint vc="1" uspid="36" ordinal="1" offset="1" sl="82" sc="13" el="82" ec="33" bec="0" bev="0" fileid="5">
                  <Times />
                  <TrackedMethodRefs>
                    <TrackedMethodRef uid="12" vc="1" />
                  </TrackedMethodRefs>
                </SequencePoint>
                <SequencePoint vc="1" uspid="35" ordinal="2" offset="10" sl="83" sc="9" el="83" ec="10" bec="0" bev="0" fileid="5">
                  <Times />
                  <TrackedMethodRefs>
                    <TrackedMethodRef uid="12" vc="1" />
                  </TrackedMethodRefs>
                </SequencePoint>
              </SequencePoints>
              <BranchPoints />
              <MethodPoint xsi:type="SequencePoint" vc="1" uspid="37" ordinal="0" offset="0" sl="81" sc="9" el="81" ec="10" bec="0" bev="0" fileid="5" />
            </Method>
            <Method visited="true" cyclomaticComplexity="2" nPathComplexity="2" sequenceCoverage="100" branchCoverage="100" isConstructor="false" isStatic="true" isGetter="false" isSetter="false" crapScore="2">
              <Summary numSequencePoints="9" visitedSequencePoints="9" numBranchPoints="3" visitedBranchPoints="3" sequenceCoverage="100" branchCoverage="100" maxCyclomaticComplexity="2" minCyclomaticComplexity="2" visitedClasses="0" numClasses="0" visitedMethods="1" numMethods="1" minCrapScore="2" maxCrapScore="2" />
              <MetadataToken>100663311</MetadataToken>
              <Name>System.Void Sample.Tests.SampleTests::RunScenario(System.Int32,System.Int32)</Name>
              <FileRef uid="5" />
              <SequencePoints>
                <SequencePoint vc="12" uspid="46" ordinal="0" offset="0" sl="88" sc="9" el="88" ec="10" bec="0" bev="0" fileid="5">
                  <Times />
                  <TrackedMethodRefs>
                    <TrackedMethodRef uid="1" vc="1" />
                    <TrackedMethodRef uid="2" vc="1" />
                    <TrackedMethodRef uid="3" vc="1" />
                    <TrackedMethodRef uid="4" vc="1" />
                    <TrackedMethodRef uid="5" vc="1" />
                    <TrackedMethodRef uid="6" vc="1" />
                    <TrackedMethodRef uid="7" vc="1" />
                    <TrackedMethodRef uid="8" vc="1" />
                    <TrackedMethodRef uid="9" vc="1" />
                    <TrackedMethodRef uid="10" vc="1" />
                    <TrackedMethodRef uid="11" vc="1" />
                    <TrackedMethodRef uid="12" vc="1" />
                  </TrackedMethodRefs>
                </SequencePoint>
                <SequencePoint vc="12" uspid="45" ordinal="1" offset="1" sl="89" sc="18" el="89" ec="27" bec="0" bev="0" fileid="5">
                  <Times />
                  <TrackedMethodRefs>
                    <TrackedMethodRef uid="1" vc="1" />
                    <TrackedMethodRef uid="2" vc="1" />
                    <TrackedMethodRef uid="3" vc="1" />
                    <TrackedMethodRef uid="4" vc="1" />
                    <TrackedMethodRef uid="5" vc="1" />
                    <TrackedMethodRef uid="6" vc="1" />
                    <TrackedMethodRef uid="7" vc="1" />
                    <TrackedMethodRef uid="8" vc="1" />
                    <TrackedMethodRef uid="9" vc="1" />
                    <TrackedMethodRef uid="10" vc="1" />
                    <TrackedMethodRef uid="11" vc="1" />
                    <TrackedMethodRef uid="12" vc="1" />
                  </TrackedMethodRefs>
                </SequencePoint>
                <SequencePoint vc="218" uspid="44" ordinal="2" offset="5" sl="90" sc="13" el="90" ec="14" bec="0" bev="0" fileid="5">
                  <Times />
                  <TrackedMethodRefs>
                    <TrackedMethodRef uid="1" vc="60" />
                    <TrackedMethodRef uid="2" vc="30" />
                    <TrackedMethodRef uid="3" vc="10" />
                    <TrackedMethodRef uid="4" vc="5" />
                    <TrackedMethodRef uid="5" vc="3" />
                    <TrackedMethodRef uid="6" vc="1" />
                    <TrackedMethodRef uid="7" vc="60" />
                    <TrackedMethodRef uid="8" vc="30" />
                    <TrackedMethodRef uid="9" vc="10" />
                    <TrackedMethodRef uid="10" vc="5" />
                    <TrackedMethodRef uid="11" vc="3" />
                    <TrackedMethodRef uid="12" vc="1" />
                  </TrackedMethodRefs>
                </SequencePoint>
                <SequencePoint vc="218" uspid="43" ordinal="3" offset="6" sl="91" sc="17" el="91" ec="34" bec="0" bev="0" fileid="5">
                  <Times />
                  <TrackedMethodRefs>
                    <TrackedMethodRef uid="1" vc="60" />
                    <TrackedMethodRef uid="2" vc="30" />
                    <TrackedMethodRef uid="3" vc="10" />
                    <TrackedMethodRef uid="4" vc="5" />
                    <TrackedMethodRef uid="5" vc="3" />
                    <TrackedMethodRef uid="6" vc="1" />
                    <TrackedMethodRef uid="7" vc="60" />
                    <TrackedMethodRef uid="8" vc="30" />
                    <TrackedMethodRef uid="9" vc="10" />
                    <TrackedMethodRef uid="10" vc="5" />
                    <TrackedMethodRef uid="11" vc="3" />
                    <TrackedMethodRef uid="12" vc="1" />
                  </TrackedMethodRefs>
                </SequencePoint>
                <SequencePoint vc="218" uspid="42" ordinal="4" offset="14" sl="92" sc="17" el="92" ec="49" bec="0" bev="0" fileid="5">
                  <Times />
                  <TrackedMethodRefs>
                    <TrackedMethodRef uid="1" vc="60" />
                    <TrackedMethodRef uid="2" vc="30" />
                    <TrackedMethodRef uid="3" vc="10" />
                    <TrackedMethodRef uid="4" vc="5" />
                    <TrackedMethodRef uid="5" vc="3" />
                    <TrackedMethodRef uid="6" vc="1" />
                    <TrackedMethodRef uid="7" vc="60" />
                    <TrackedMethodRef uid="8" vc="30" />
                    <TrackedMethodRef uid="9" vc="10" />
                    <TrackedMethodRef uid="10" vc="5" />
                    <TrackedMethodRef uid="11" vc="3" />
                    <TrackedMethodRef uid="12" vc="1" />
                  </TrackedMethodRefs>
                </SequencePoint>
                <SequencePoint vc="218" uspid="41" ordinal="5" offset="21" sl="93" sc="13" el="93" ec="14" bec="0" bev="0" fileid="5">
                  <Times />
                  <TrackedMethodRefs>
                    <TrackedMethodRef uid="1" vc="60" />
                    <TrackedMethodRef uid="2" vc="30" />
                    <TrackedMethodRef uid="3" vc="10" />
                    <TrackedMethodRef uid="4" vc="5" />
                    <TrackedMethodRef uid="5" vc="3" />
                    <TrackedMethodRef uid="6" vc="1" />
                    <TrackedMethodRef uid="7" vc="60" />
                    <TrackedMethodRef uid="8" vc="30" />
                    <TrackedMethodRef uid="9" vc="10" />
                    <TrackedMethodRef uid="10" vc="5" />
                    <TrackedMethodRef uid="11" vc="3" />
                    <TrackedMethodRef uid="12" vc="1" />
                  </TrackedMethodRefs>
                </SequencePoint>
                <SequencePoint vc="218" uspid="40" ordinal="6" offset="22" sl="89" sc="40" el="89" ec="43" bec="0" bev="0" fileid="5">
                  <Times />
                  <TrackedMethodRefs>
                    <TrackedMethodRef uid="1" vc="60" />
                    <TrackedMethodRef uid="2" vc="30" />
                    <TrackedMethodRef uid="3" vc="10" />
                    <TrackedMethodRef uid="4" vc="5" />
                    <TrackedMethodRef uid="5" vc="3" />
                    <TrackedMethodRef uid="6" vc="1" />
                    <TrackedMethodRef uid="7" vc="60" />
                    <TrackedMethodRef uid="8" vc="30" />
                    <TrackedMethodRef uid="9" vc="10" />
                    <TrackedMethodRef uid="10" vc="5" />
                    <TrackedMethodRef uid="11" vc="3" />
                    <TrackedMethodRef uid="12" vc="1" />
                  </TrackedMethodRefs>
                </SequencePoint>
                <SequencePoint vc="230" uspid="39" ordinal="7" offset="26" sl="89" sc="29" el="89" ec="38" bec="2" bev="2" fileid="5">
                  <Times />
                  <TrackedMethodRefs>
                    <TrackedMethodRef uid="1" vc="61" />
                    <TrackedMethodRef uid="2" vc="31" />
                    <TrackedMethodRef uid="3" vc="11" />
                    <TrackedMethodRef uid="4" vc="6" />
                    <TrackedMethodRef uid="5" vc="4" />
                    <TrackedMethodRef uid="6" vc="2" />
                    <TrackedMethodRef uid="7" vc="61" />
                    <TrackedMethodRef uid="8" vc="31" />
                    <TrackedMethodRef uid="9" vc="11" />
                    <TrackedMethodRef uid="10" vc="6" />
                    <TrackedMethodRef uid="11" vc="4" />
                    <TrackedMethodRef uid="12" vc="2" />
                  </TrackedMethodRefs>
                </SequencePoint>
                <SequencePoint vc="12" uspid="38" ordinal="8" offset="34" sl="94" sc="9" el="94" ec="10" bec="0" bev="0" fileid="5">
                  <Times />
                  <TrackedMethodRefs>
                    <TrackedMethodRef uid="1" vc="1" />
                    <TrackedMethodRef uid="2" vc="1" />
                    <TrackedMethodRef uid="3" vc="1" />
                    <TrackedMethodRef uid="4" vc="1" />
                    <TrackedMethodRef uid="5" vc="1" />
                    <TrackedMethodRef uid="6" vc="1" />
                    <TrackedMethodRef uid="7" vc="1" />
                    <TrackedMethodRef uid="8" vc="1" />
                    <TrackedMethodRef uid="9" vc="1" />
                    <TrackedMethodRef uid="10" vc="1" />
                    <TrackedMethodRef uid="11" vc="1" />
                    <TrackedMethodRef uid="12" vc="1" />
                  </TrackedMethodRefs>
                </SequencePoint>
              </SequencePoints>
              <BranchPoints>
                <BranchPoint vc="12" uspid="0" ordinal="0" offset="32" sl="89" path="0" offsetend="34" fileid="5">
                  <Times />
                  <TrackedMethodRefs>
                    <TrackedMethodRef uid="1" vc="1" />
                    <TrackedMethodRef uid="2" vc="1" />
                    <TrackedMethodRef uid="3" vc="1" />
                    <TrackedMethodRef uid="4" vc="1" />
                    <TrackedMethodRef uid="5" vc="1" />
                    <TrackedMethodRef uid="6" vc="1" />
                    <TrackedMethodRef uid="7" vc="1" />
                    <TrackedMethodRef uid="8" vc="1" />
                    <TrackedMethodRef uid="9" vc="1" />
                    <TrackedMethodRef uid="10" vc="1" />
                    <TrackedMethodRef uid="11" vc="1" />
                    <TrackedMethodRef uid="12" vc="1" />
                  </TrackedMethodRefs>
                </BranchPoint>
                <BranchPoint vc="218" uspid="1" ordinal="1" offset="32" sl="89" path="1" offsetend="5" fileid="5">
                  <Times />
                  <TrackedMethodRefs>
                    <TrackedMethodRef uid="1" vc="60" />
                    <TrackedMethodRef uid="2" vc="30" />
                    <TrackedMethodRef uid="3" vc="10" />
                    <TrackedMethodRef uid="4" vc="5" />
                    <TrackedMethodRef uid="5" vc="3" />
                    <TrackedMethodRef uid="6" vc="1" />
                    <TrackedMethodRef uid="7" vc="60" />
                    <TrackedMethodRef uid="8" vc="30" />
                    <TrackedMethodRef uid="9" vc="10" />
                    <TrackedMethodRef uid="10" vc="5" />
                    <TrackedMethodRef uid="11" vc="3" />
                    <TrackedMethodRef uid="12" vc="1" />
                  </TrackedMethodRefs>
                </BranchPoint>
              </BranchPoints>
              <MethodPoint xsi:type="SequencePoint" vc="12" uspid="46" ordinal="0" offset="0" sl="88" sc="9" el="88" ec="10" bec="0" bev="0" fileid="5" />
            </Method>
            <Method visited="true" cyclomaticComplexity="1" nPathComplexity="0" sequenceCoverage="0" branchCoverage="0" isConstructor="true" isStatic="false" isGetter="false" isSetter="false" crapScore="1">
              <Summary numSequencePoints="0" visitedSequencePoints="0" numBranchPoints="0" visitedBranchPoints="0" sequenceCoverage="0" branchCoverage="0" maxCyclomaticComplexity="1" minCyclomaticComplexity="1" visitedClasses="0" numClasses="0" visitedMethods="0" numMethods="0" minCrapScore="1" maxCrapScore="1" />
              <MetadataToken>100663312</MetadataToken>
              <Name>System.Void Sample.Tests.SampleTests::.ctor()</Name>
              <SequencePoints />
              <BranchPoints />
              <MethodPoint vc="12" uspid="100663312" ordinal="0" offset="0" />
            </Method>
          </Methods>
        </Class>
      </Classes>
      <TrackedMethods>
        <TrackedMethod uid="1" token="100663299" name="System.Void Sample.Tests.SampleTests::Test_60s_HelloWorld()" strategy="[TestMethod]" />
        <TrackedMethod uid="2" token="100663300" name="System.Void Sample.Tests.SampleTests::Test_30s_HelloWorld()" strategy="[TestMethod]" />
        <TrackedMethod uid="3" token="100663301" name="System.Void Sample.Tests.SampleTests::Test_10s_HelloWorld()" strategy="[TestMethod]" />
        <TrackedMethod uid="4" token="100663302" name="System.Void Sample.Tests.SampleTests::Test_5s_HelloWorld()" strategy="[TestMethod]" />
        <TrackedMethod uid="5" token="100663303" name="System.Void Sample.Tests.SampleTests::Test_3s_HelloWorld()" strategy="[TestMethod]" />
        <TrackedMethod uid="6" token="100663304" name="System.Void Sample.Tests.SampleTests::Test_1s_HelloWorld()" strategy="[TestMethod]" />
        <TrackedMethod uid="7" token="100663305" name="System.Void Sample.Tests.SampleTests::Test_60s_HelloDarkness()" strategy="[TestMethod]" />
        <TrackedMethod uid="8" token="100663306" name="System.Void Sample.Tests.SampleTests::Test_30s_HelloDarkness()" strategy="[TestMethod]" />
        <TrackedMethod uid="9" token="100663307" name="System.Void Sample.Tests.SampleTests::Test_10s_HelloDarkness()" strategy="[TestMethod]" />
        <TrackedMethod uid="10" token="100663308" name="System.Void Sample.Tests.SampleTests::Test_5s_HelloDarkness()" strategy="[TestMethod]" />
        <TrackedMethod uid="11" token="100663309" name="System.Void Sample.Tests.SampleTests::Test_3s_HelloDarkness()" strategy="[TestMethod]" />
        <TrackedMethod uid="12" token="100663310" name="System.Void Sample.Tests.SampleTests::Test_1s_HelloDarkness()" strategy="[TestMethod]" />
      </TrackedMethods>
    </Module>
  </Modules>
</CoverageSession>