TN:
SF:C:\Users\Mathias Lorenzen\source\repos\cli\tests\dotnet\sample\Sample\Program.cs
FN:8,System.Void Sample.Program::Main(System.String[])
FNDA:0,System.Void Sample.Program::Main(System.String[])
FNF:1
FNH:0
BRF:0
BRH:0
DA:8,0
DA:10,0
LH:0
LF:2
end_of_record
SF:C:\Users\Mathias Lorenzen\source\repos\cli\tests\dotnet\sample\Sample\SomeClass.cs
FN:10,System.Void Sample.SomeClass::DoSomething(System.Int32)
FNDA:218,System.Void Sample.SomeClass::DoSomething(System.Int32)
FNF:1
FNH:1
BRDA:11,0,0,109
BRDA:11,0,1,109
BRF:2
BRH:2
DA:10,218
DA:11,218
DA:11,109
DA:12,109
DA:13,109
DA:14,109
DA:15,109
DA:16,109
DA:17,218
LH:9
LF:9
end_of_record
SF:C:\Users\Mathias Lorenzen\source\repos\cli\tests\dotnet\sample\Sample\SomeNotUsedClass.cs
FN:9,System.Void Sample.SomeNotUsedClass::DoSomethingNotUsed()
FNDA:0,System.Void Sample.SomeNotUsedClass::DoSomethingNotUsed()
FNF:1
FNH:0
BRF:0
BRH:0
DA:9,0
DA:10,0
DA:11,0
LH:0
LF:3
end_of_record
SF:C:\Users\Mathias Lorenzen\source\repos\cli\tests\dotnet\sample\Sample\SomeOtherClass.cs
FN:10,System.Void Sample.SomeOtherClass::DoSomethingElse()
FNDA:109,System.Void Sample.SomeOtherClass::DoSomethingElse()
FNF:1
FNH:1
BRDA:11,2,0,109
BRDA:11,2,1,1090
BRF:2
BRH:2
DA:10,109
DA:11,109
DA:12,1090
DA:13,1090
DA:14,1090
DA:11,1090
DA:11,1199
DA:15,109
LH:8
LF:8
end_of_record
SF:C:\Users\Mathias Lorenzen\source\repos\cli\tests\dotnet\sample\Sample\Program.cs
FNF:0
FNH:0
BRF:0
BRH:0
LH:0
LF:0
end_of_record
SF:C:\Users\Mathias Lorenzen\source\repos\cli\tests\dotnet\sample\Sample\SomeClass.cs
FNF:0
FNH:0
BRF:0
BRH:0
LH:0
LF:0
end_of_record
SF:C:\Users\Mathias Lorenzen\source\repos\cli\tests\dotnet\sample\Sample\SomeNotUsedClass.cs
FNF:0
FNH:0
BRF:0
BRH:0
LH:0
LF:0
end_of_record
SF:C:\Users\Mathias Lorenzen\source\repos\cli\tests\dotnet\sample\Sample\SomeOtherClass.cs
FNF:0
FNH:0
BRF:0
BRH:0
LH:0
LF:0
end_of_record
SF:C:\Users\Mathias Lorenzen\.nuget\packages\microsoft.net.test.sdk\16.5.0\build\netcoreapp2.1\Microsoft.NET.Test.Sdk.Program.cs
FN:4,System.Void AutoGeneratedProgram::Main(System.String[])
FNDA:0,System.Void AutoGeneratedProgram::Main(System.String[])
FNF:1
FNH:0
BRF:0
BRH:0
DA:4,0
DA:4,0
LH:0
LF:2
end_of_record
SF:C:\Users\Mathias Lorenzen\source\repos\cli\tests\dotnet\sample\Sample.Tests\SampleWorldTests.cs
FN:12,System.Void Sample.Tests.World.SampleWorldTests::Test_60s_HelloWorld()
FN:18,System.Void Sample.Tests.World.SampleWorldTests::Test_30s_HelloWorld()
FN:24,System.Void Sample.Tests.World.SampleWorldTests::Test_10s_HelloWorld()
FN:30,System.Void Sample.Tests.World.SampleWorldTests::Test_5s_HelloWorld()
FN:36,System.Void Sample.Tests.World.SampleWorldTests::Test_3s_HelloWorld()
FN:42,System.Void Sample.Tests.World.SampleWorldTests::Test_1s_HelloWorld()
FN:48,System.Void Sample.Tests.World.SampleWorldTests::RunScenario(System.Int32,System.Int32)
FNDA:1,System.Void Sample.Tests.World.SampleWorldTests::Test_60s_HelloWorld()
FNDA:1,System.Void Sample.Tests.World.SampleWorldTests::Test_30s_HelloWorld()
FNDA:1,System.Void Sample.Tests.World.SampleWorldTests::Test_10s_HelloWorld()
FNDA:1,System.Void Sample.Tests.World.SampleWorldTests::Test_5s_HelloWorld()
FNDA:1,System.Void Sample.Tests.World.SampleWorldTests::Test_3s_HelloWorld()
FNDA:1,System.Void Sample.Tests.World.SampleWorldTests::Test_1s_HelloWorld()
FNDA:6,System.Void Sample.Tests.World.SampleWorldTests::RunScenario(System.Int32,System.Int32)
FNF:7
FNH:7
BRDA:49,0,0,6
BRDA:49,0,1,109
BRF:2
BRH:2
DA:12,1
DA:13,1
DA:14,1
DA:18,1
DA:19,1
DA:20,1
DA:24,1
DA:25,1
DA:26,1
DA:30,1
DA:31,1
DA:32,1
DA:36,1
DA:37,1
DA:38,1
DA:42,1
DA:43,1
DA:44,1
DA:48,6
DA:49,6
DA:50,109
DA:51,109
DA:52,109
DA:53,109
DA:49,109
DA:49,115
DA:54,6
LH:27
LF:27
end_of_record
SF:C:\Users\Mathias Lorenzen\source\repos\cli\tests\dotnet\sample\Sample.Tests\SampleDarknessTests.cs
FN:11,System.Void Sample.Tests.Darkness.SampleDarknessTests::Test_60s_HelloDarkness()
FN:17,System.Void Sample.Tests.Darkness.SampleDarknessTests::Test_30s_HelloDarkness()
FN:23,System.Void Sample.Tests.Darkness.SampleDarknessTests::Test_10s_HelloDarkness()
FN:29,System.Void Sample.Tests.Darkness.SampleDarknessTests::Test_5s_HelloDarkness()
FN:35,System.Void Sample.Tests.Darkness.SampleDarknessTests::Test_3s_HelloDarkness()
FN:41,System.Void Sample.Tests.Darkness.SampleDarknessTests::Test_1s_HelloDarkness()
FN:48,System.Void Sample.Tests.Darkness.SampleDarknessTests::RunScenario(System.Int32,System.Int32)
FNDA:1,System.Void Sample.Tests.Darkness.SampleDarknessTests::Test_60s_HelloDarkness()
FNDA:1,System.Void Sample.Tests.Darkness.SampleDarknessTests::Test_30s_HelloDarkness()
FNDA:1,System.Void Sample.Tests.Darkness.SampleDarknessTests::Test_10s_HelloDarkness()
FNDA:1,System.Void Sample.Tests.Darkness.SampleDarknessTests::Test_5s_HelloDarkness()
FNDA:1,System.Void Sample.Tests.Darkness.SampleDarknessTests::Test_3s_HelloDarkness()
FNDA:1,System.Void Sample.Tests.Darkness.SampleDarknessTests::Test_1s_HelloDarkness()
FNDA:6,System.Void Sample.Tests.Darkness.SampleDarknessTests::RunScenario(System.Int32,System.Int32)
FNF:7
FNH:7
BRDA:49,2,0,6
BRDA:49,2,1,109
BRF:2
BRH:2
DA:11,1
DA:12,1
DA:13,1
DA:17,1
DA:18,1
DA:19,1
DA:23,1
DA:24,1
DA:25,1
DA:29,1
DA:30,1
DA:31,1
DA:35,1
DA:36,1
DA:37,1
DA:41,1
DA:42,1
DA:43,1
DA:48,6
DA:49,6
DA:50,109
DA:51,109
DA:52,109
DA:53,109
DA:49,109
DA:49,115
DA:54,6
LH:27
LF:27
end_of_record
